<?xml version="1.0" encoding="UTF-8"?>
<testng-results skipped="0" failed="0" ignored="0" total="1" passed="1">
  <reporter-output>
  </reporter-output>
  <suite name="Surefire suite" duration-ms="5707" started-at="2021-07-26T11:00:34 IST" finished-at="2021-07-26T11:00:40 IST">
    <groups>
    </groups>
    <test name="Surefire test" duration-ms="5707" started-at="2021-07-26T11:00:34 IST" finished-at="2021-07-26T11:00:40 IST">
      <class name="rahulshettyacademy.ExtentReports.ExtentReportDemoTest">
        <test-method status="PASS" signature="config()[pri:0, instance:rahulshettyacademy.ExtentReports.ExtentReportDemoTest@23e028a9]" name="config" is-config="true" duration-ms="190" started-at="2021-07-26T11:00:34 IST" finished-at="2021-07-26T11:00:34 IST">
          <reporter-output>
          </reporter-output>
        </test-method> <!-- config -->
        <test-method status="PASS" signature="initialDemo()[pri:0, instance:rahulshettyacademy.ExtentReports.ExtentReportDemoTest@23e028a9]" name="initialDemo" duration-ms="5487" started-at="2021-07-26T11:00:34 IST" finished-at="2021-07-26T11:00:40 IST">
          <reporter-output>
          </reporter-output>
        </test-method> <!-- initialDemo -->
      </class> <!-- rahulshettyacademy.ExtentReports.ExtentReportDemoTest -->
    </test> <!-- Surefire test -->
  </suite> <!-- Surefire suite -->
</testng-results>
